<?xml version="1.0" encoding="UTF-8"?>
<!-- Generated by org.testng.reporters.JUnitXMLReporter -->
<testsuite ignored="0" hostname="DESKTOP-FF7V3JI" failures="1" tests="4" name="Surefire test" time="14.923" errors="0" timestamp="2023-01-21T03:00:06 MSK">
  <testcase classname="ProjectForTest.basePanelBarTest" name="basePanelBarTest" time="0.043"/>
  <testcase classname="ProjectForTest.homePageTest" name="PageNavigation" time="3.145"/>
  <testcase classname="ProjectForTest.homePageTest" name="PageNavigation" time="1.69"/>
  <testcase classname="ProjectForTest.TitleTest" name="PageNavigationForTitle" time="0.042">
    <failure type="java.lang.AssertionError" message="expected [ЮMoney: приложение, кошелёк и карты для шопинг2а] but found [ЮMoney: приложение, кошелёк и карты для шопинга]">
      <![CDATA[java.lang.AssertionError: expected [ЮMoney: приложение, кошелёк и карты для шопинг2а] but found [ЮMoney: приложение, кошелёк и карты для шопинга]
at ProjectForTest.TitleTest.PageNavigationForTitle(TitleTest.java:32)
at java.base/java.util.ArrayList.forEach(ArrayList.java:1511)
... Removed 38 stack frames]]>
    </failure>
  </testcase> <!-- PageNavigationForTitle -->
</testsuite> <!-- Surefire test -->
