<?xml version="1.0" encoding="UTF-8"?>
<testng-results ignored="0" total="4" passed="3" failed="1" skipped="0">
  <reporter-output>
  </reporter-output>
  <suite started-at="2023-01-21T02:59:51 MSK" name="Surefire suite" finished-at="2023-01-21T03:00:06 MSK" duration-ms="14923">
    <groups>
    </groups>
    <test started-at="2023-01-21T02:59:51 MSK" name="Surefire test" finished-at="2023-01-21T03:00:06 MSK" duration-ms="14923">
      <class name="ProjectForTest.homePageTest">
        <test-method is-config="true" signature="initialize()[pri:0, instance:ProjectForTest.homePageTest@3b8f0a79]" started-at="2023-01-21T02:59:56 MSK" name="initialize" finished-at="2023-01-21T02:59:57 MSK" duration-ms="566" status="PASS">
          <reporter-output>
          </reporter-output>
        </test-method> <!-- initialize -->
        <test-method signature="PageNavigation(java.lang.String,java.lang.String)[pri:0, instance:ProjectForTest.homePageTest@3b8f0a79]" started-at="2023-01-21T02:59:57 MSK" name="PageNavigation" data-provider="getData" finished-at="2023-01-21T03:00:00 MSK" duration-ms="3145" status="PASS">
          <params>
            <param index="0">
              <value>
                <![CDATA[IDoNotLoveUMoney@mail.com]]>
              </value>
            </param>
            <param index="1">
              <value>
                <![CDATA[Blocked User]]>
              </value>
            </param>
          </params>
          <reporter-output>
          </reporter-output>
        </test-method> <!-- PageNavigation -->
        <test-method signature="PageNavigation(java.lang.String,java.lang.String)[pri:0, instance:ProjectForTest.homePageTest@3b8f0a79]" started-at="2023-01-21T03:00:00 MSK" name="PageNavigation" data-provider="getData" finished-at="2023-01-21T03:00:02 MSK" duration-ms="1690" status="PASS">
          <params>
            <param index="0">
              <value>
                <![CDATA[ILoveUMoney@mail.com]]>
              </value>
            </param>
            <param index="1">
              <value>
                <![CDATA[Unblocked User]]>
              </value>
            </param>
          </params>
          <reporter-output>
          </reporter-output>
        </test-method> <!-- PageNavigation -->
        <test-method is-config="true" signature="closeDriver()[pri:0, instance:ProjectForTest.homePageTest@3b8f0a79]" started-at="2023-01-21T03:00:06 MSK" name="closeDriver" finished-at="2023-01-21T03:00:06 MSK" duration-ms="91" status="PASS">
          <reporter-output>
          </reporter-output>
        </test-method> <!-- closeDriver -->
      </class> <!-- ProjectForTest.homePageTest -->
      <class name="ProjectForTest.basePanelBarTest">
        <test-method is-config="true" signature="initialize()[pri:0, instance:ProjectForTest.basePanelBarTest@6c0d7c83]" started-at="2023-01-21T02:59:54 MSK" name="initialize" finished-at="2023-01-21T02:59:56 MSK" duration-ms="2269" status="PASS">
          <reporter-output>
          </reporter-output>
        </test-method> <!-- initialize -->
        <test-method signature="basePanelBarTest()[pri:0, instance:ProjectForTest.basePanelBarTest@6c0d7c83]" started-at="2023-01-21T02:59:57 MSK" name="basePanelBarTest" finished-at="2023-01-21T02:59:57 MSK" duration-ms="43" status="PASS">
          <reporter-output>
          </reporter-output>
        </test-method> <!-- basePanelBarTest -->
        <test-method is-config="true" signature="closeDriver()[pri:0, instance:ProjectForTest.basePanelBarTest@6c0d7c83]" started-at="2023-01-21T03:00:06 MSK" name="closeDriver" finished-at="2023-01-21T03:00:06 MSK" duration-ms="85" status="PASS">
          <reporter-output>
          </reporter-output>
        </test-method> <!-- closeDriver -->
      </class> <!-- ProjectForTest.basePanelBarTest -->
      <class name="ProjectForTest.TitleTest">
        <test-method is-config="true" signature="initialize()[pri:0, instance:ProjectForTest.TitleTest@71e693fa]" started-at="2023-01-21T02:59:51 MSK" name="initialize" finished-at="2023-01-21T02:59:54 MSK" duration-ms="2888" status="PASS">
          <reporter-output>
          </reporter-output>
        </test-method> <!-- initialize -->
        <test-method signature="PageNavigationForTitle()[pri:0, instance:ProjectForTest.TitleTest@71e693fa]" started-at="2023-01-21T03:00:02 MSK" name="PageNavigationForTitle" finished-at="2023-01-21T03:00:02 MSK" duration-ms="42" status="FAIL">
          <exception class="java.lang.AssertionError">
            <message>
              <![CDATA[expected [ЮMoney: приложение, кошелёк и карты для шопинг2а] but found [ЮMoney: приложение, кошелёк и карты для шопинга]]]>
            </message>
            <full-stacktrace>
              <![CDATA[java.lang.AssertionError: expected [ЮMoney: приложение, кошелёк и карты для шопинг2а] but found [ЮMoney: приложение, кошелёк и карты для шопинга]
at org.testng.Assert.fail(Assert.java:110)
at org.testng.Assert.failNotEquals(Assert.java:1577)
at org.testng.Assert.assertEqualsImpl(Assert.java:149)
at org.testng.Assert.assertEquals(Assert.java:131)
at org.testng.Assert.assertEquals(Assert.java:655)
at org.testng.Assert.assertEquals(Assert.java:665)
at ProjectForTest.TitleTest.PageNavigationForTitle(TitleTest.java:32)
at java.base/jdk.internal.reflect.NativeMethodAccessorImpl.invoke0(Native Method)
at java.base/jdk.internal.reflect.NativeMethodAccessorImpl.invoke(NativeMethodAccessorImpl.java:77)
at java.base/jdk.internal.reflect.DelegatingMethodAccessorImpl.invoke(DelegatingMethodAccessorImpl.java:43)
at java.base/java.lang.reflect.Method.invoke(Method.java:568)
at org.testng.internal.invokers.MethodInvocationHelper.invokeMethod(MethodInvocationHelper.java:139)
at org.testng.internal.invokers.TestInvoker.invokeMethod(TestInvoker.java:677)
at org.testng.internal.invokers.TestInvoker.invokeTestMethod(TestInvoker.java:221)
at org.testng.internal.invokers.MethodRunner.runInSequence(MethodRunner.java:50)
at org.testng.internal.invokers.TestInvoker$MethodInvocationAgent.invoke(TestInvoker.java:969)
at org.testng.internal.invokers.TestInvoker.invokeTestMethods(TestInvoker.java:194)
at org.testng.internal.invokers.TestMethodWorker.invokeTestMethods(TestMethodWorker.java:148)
at org.testng.internal.invokers.TestMethodWorker.run(TestMethodWorker.java:128)
at java.base/java.util.ArrayList.forEach(ArrayList.java:1511)
at org.testng.TestRunner.privateRun(TestRunner.java:829)
at org.testng.TestRunner.run(TestRunner.java:602)
at org.testng.SuiteRunner.runTest(SuiteRunner.java:437)
at org.testng.SuiteRunner.runSequentially(SuiteRunner.java:431)
at org.testng.SuiteRunner.privateRun(SuiteRunner.java:391)
at org.testng.SuiteRunner.run(SuiteRunner.java:330)
at org.testng.SuiteRunnerWorker.runSuite(SuiteRunnerWorker.java:52)
at org.testng.SuiteRunnerWorker.run(SuiteRunnerWorker.java:95)
at org.testng.TestNG.runSuitesSequentially(TestNG.java:1256)
at org.testng.TestNG.runSuitesLocally(TestNG.java:1176)
at org.testng.TestNG.runSuites(TestNG.java:1099)
at org.testng.TestNG.run(TestNG.java:1067)
at org.apache.maven.surefire.testng.TestNGExecutor.run(TestNGExecutor.java:151)
at org.apache.maven.surefire.testng.TestNGDirectoryTestSuite.executeMulti(TestNGDirectoryTestSuite.java:192)
at org.apache.maven.surefire.testng.TestNGDirectoryTestSuite.execute(TestNGDirectoryTestSuite.java:93)
at org.apache.maven.surefire.testng.TestNGProvider.invoke(TestNGProvider.java:155)
at org.apache.maven.surefire.booter.ForkedBooter.runSuitesInProcess(ForkedBooter.java:456)
at org.apache.maven.surefire.booter.ForkedBooter.execute(ForkedBooter.java:169)
at org.apache.maven.surefire.booter.ForkedBooter.run(ForkedBooter.java:595)
at org.apache.maven.surefire.booter.ForkedBooter.main(ForkedBooter.java:581)
]]>
            </full-stacktrace>
          </exception> <!-- java.lang.AssertionError -->
          <reporter-output>
          </reporter-output>
        </test-method> <!-- PageNavigationForTitle -->
        <test-method is-config="true" signature="closeDriver()[pri:0, instance:ProjectForTest.TitleTest@71e693fa]" started-at="2023-01-21T03:00:02 MSK" name="closeDriver" finished-at="2023-01-21T03:00:06 MSK" duration-ms="4066" status="PASS">
          <reporter-output>
          </reporter-output>
        </test-method> <!-- closeDriver -->
      </class> <!-- ProjectForTest.TitleTest -->
    </test> <!-- Surefire test -->
  </suite> <!-- Surefire suite -->
</testng-results>
